0 info it worked if it ends with ok
1 verbose cli [ 'D:\\Program Files\\nodejs\\\\node.exe',
1 verbose cli   'D:\\Program Files\\nodejs\\node_modules\\npm\\bin\\npm-cli.js',
1 verbose cli   'publish' ]
2 info using npm@1.3.21
3 info using node@v0.10.24
4 verbose node symlink D:\Program Files\nodejs\\node.exe
5 verbose publish [ '.' ]
6 verbose cache add [ '.', null ]
7 verbose cache add name=undefined spec="." args=[".",null]
8 verbose parsed url { protocol: null,
8 verbose parsed url   slashes: null,
8 verbose parsed url   auth: null,
8 verbose parsed url   host: null,
8 verbose parsed url   port: null,
8 verbose parsed url   hostname: null,
8 verbose parsed url   hash: null,
8 verbose parsed url   search: null,
8 verbose parsed url   query: null,
8 verbose parsed url   pathname: '.',
8 verbose parsed url   path: '.',
8 verbose parsed url   href: '.' }
9 silly lockFile 3a52ce78- .
10 verbose lock . C:\Users\Admin\AppData\Roaming\npm-cache\3a52ce78-.lock
11 verbose tar pack [ 'C:\\Users\\Admin\\AppData\\Local\\Temp\\npm-192684-R2wYPn0M\\1407757613321-0.46020701550878584\\tmp.tgz',
11 verbose tar pack   '.' ]
12 verbose tarball C:\Users\Admin\AppData\Local\Temp\npm-192684-R2wYPn0M\1407757613321-0.46020701550878584\tmp.tgz
13 verbose folder .
14 info prepublish mows@0.0.1
15 silly lockFile 1f1177db-tar tar://.
16 verbose lock tar://. C:\Users\Admin\AppData\Roaming\npm-cache\1f1177db-tar.lock
17 silly lockFile 6951c0d6-3321-0-46020701550878584-tmp-tgz tar://C:\Users\Admin\AppData\Local\Temp\npm-192684-R2wYPn0M\1407757613321-0.46020701550878584\tmp.tgz
18 verbose lock tar://C:\Users\Admin\AppData\Local\Temp\npm-192684-R2wYPn0M\1407757613321-0.46020701550878584\tmp.tgz C:\Users\Admin\AppData\Roaming\npm-cache\6951c0d6-3321-0-46020701550878584-tmp-tgz.lock
19 silly lockFile 1f1177db-tar tar://.
20 silly lockFile 1f1177db-tar tar://.
21 silly lockFile 6951c0d6-3321-0-46020701550878584-tmp-tgz tar://C:\Users\Admin\AppData\Local\Temp\npm-192684-R2wYPn0M\1407757613321-0.46020701550878584\tmp.tgz
22 silly lockFile 6951c0d6-3321-0-46020701550878584-tmp-tgz tar://C:\Users\Admin\AppData\Local\Temp\npm-192684-R2wYPn0M\1407757613321-0.46020701550878584\tmp.tgz
23 verbose tar unpack C:\Users\Admin\AppData\Local\Temp\npm-192684-R2wYPn0M\1407757613321-0.46020701550878584\tmp.tgz
24 silly lockFile d12bb154-3321-0-46020701550878584-package tar://C:\Users\Admin\AppData\Local\Temp\npm-192684-R2wYPn0M\1407757613321-0.46020701550878584\package
25 verbose lock tar://C:\Users\Admin\AppData\Local\Temp\npm-192684-R2wYPn0M\1407757613321-0.46020701550878584\package C:\Users\Admin\AppData\Roaming\npm-cache\d12bb154-3321-0-46020701550878584-package.lock
26 silly lockFile 6951c0d6-3321-0-46020701550878584-tmp-tgz tar://C:\Users\Admin\AppData\Local\Temp\npm-192684-R2wYPn0M\1407757613321-0.46020701550878584\tmp.tgz
27 verbose lock tar://C:\Users\Admin\AppData\Local\Temp\npm-192684-R2wYPn0M\1407757613321-0.46020701550878584\tmp.tgz C:\Users\Admin\AppData\Roaming\npm-cache\6951c0d6-3321-0-46020701550878584-tmp-tgz.lock
28 silly gunzTarPerm modes [ '755', '644' ]
29 silly gunzTarPerm extractEntry package.json
30 silly gunzTarPerm modified mode [ 'package.json', 438, 420 ]
31 silly gunzTarPerm extractEntry README.md
32 silly gunzTarPerm modified mode [ 'README.md', 438, 420 ]
33 silly gunzTarPerm extractEntry index.js
34 silly gunzTarPerm modified mode [ 'index.js', 438, 420 ]
35 silly gunzTarPerm extractEntry test/mows.js
36 silly gunzTarPerm modified mode [ 'test/mows.js', 438, 420 ]
37 silly lockFile d12bb154-3321-0-46020701550878584-package tar://C:\Users\Admin\AppData\Local\Temp\npm-192684-R2wYPn0M\1407757613321-0.46020701550878584\package
38 silly lockFile d12bb154-3321-0-46020701550878584-package tar://C:\Users\Admin\AppData\Local\Temp\npm-192684-R2wYPn0M\1407757613321-0.46020701550878584\package
39 silly lockFile 6951c0d6-3321-0-46020701550878584-tmp-tgz tar://C:\Users\Admin\AppData\Local\Temp\npm-192684-R2wYPn0M\1407757613321-0.46020701550878584\tmp.tgz
40 silly lockFile 6951c0d6-3321-0-46020701550878584-tmp-tgz tar://C:\Users\Admin\AppData\Local\Temp\npm-192684-R2wYPn0M\1407757613321-0.46020701550878584\tmp.tgz
41 verbose tar pack [ 'C:\\Users\\Admin\\AppData\\Roaming\\npm-cache\\mows\\0.0.1\\package.tgz',
41 verbose tar pack   'C:\\Users\\Admin\\AppData\\Local\\Temp\\npm-192684-R2wYPn0M\\1407757613321-0.46020701550878584\\package' ]
42 verbose tarball C:\Users\Admin\AppData\Roaming\npm-cache\mows\0.0.1\package.tgz
43 verbose folder C:\Users\Admin\AppData\Local\Temp\npm-192684-R2wYPn0M\1407757613321-0.46020701550878584\package
44 silly lockFile d12bb154-3321-0-46020701550878584-package tar://C:\Users\Admin\AppData\Local\Temp\npm-192684-R2wYPn0M\1407757613321-0.46020701550878584\package
45 verbose lock tar://C:\Users\Admin\AppData\Local\Temp\npm-192684-R2wYPn0M\1407757613321-0.46020701550878584\package C:\Users\Admin\AppData\Roaming\npm-cache\d12bb154-3321-0-46020701550878584-package.lock
46 silly lockFile 728b560b-npm-cache-mows-0-0-1-package-tgz tar://C:\Users\Admin\AppData\Roaming\npm-cache\mows\0.0.1\package.tgz
47 verbose lock tar://C:\Users\Admin\AppData\Roaming\npm-cache\mows\0.0.1\package.tgz C:\Users\Admin\AppData\Roaming\npm-cache\728b560b-npm-cache-mows-0-0-1-package-tgz.lock
48 silly lockFile d12bb154-3321-0-46020701550878584-package tar://C:\Users\Admin\AppData\Local\Temp\npm-192684-R2wYPn0M\1407757613321-0.46020701550878584\package
49 silly lockFile d12bb154-3321-0-46020701550878584-package tar://C:\Users\Admin\AppData\Local\Temp\npm-192684-R2wYPn0M\1407757613321-0.46020701550878584\package
50 silly lockFile 728b560b-npm-cache-mows-0-0-1-package-tgz tar://C:\Users\Admin\AppData\Roaming\npm-cache\mows\0.0.1\package.tgz
51 silly lockFile 728b560b-npm-cache-mows-0-0-1-package-tgz tar://C:\Users\Admin\AppData\Roaming\npm-cache\mows\0.0.1\package.tgz
52 silly lockFile bf0b9ce7-ing-npm-cache-mows-0-0-1-package C:\Users\Admin\AppData\Roaming\npm-cache\mows\0.0.1\package
53 verbose lock C:\Users\Admin\AppData\Roaming\npm-cache\mows\0.0.1\package C:\Users\Admin\AppData\Roaming\npm-cache\bf0b9ce7-ing-npm-cache-mows-0-0-1-package.lock
54 silly lockFile bf0b9ce7-ing-npm-cache-mows-0-0-1-package C:\Users\Admin\AppData\Roaming\npm-cache\mows\0.0.1\package
55 silly lockFile bf0b9ce7-ing-npm-cache-mows-0-0-1-package C:\Users\Admin\AppData\Roaming\npm-cache\mows\0.0.1\package
56 verbose tar unpack C:\Users\Admin\AppData\Roaming\npm-cache\mows\0.0.1\package.tgz
57 silly lockFile 7a3e19f7-ing-npm-cache-mows-0-0-1-package tar://C:\Users\Admin\AppData\Roaming\npm-cache\mows\0.0.1\package
58 verbose lock tar://C:\Users\Admin\AppData\Roaming\npm-cache\mows\0.0.1\package C:\Users\Admin\AppData\Roaming\npm-cache\7a3e19f7-ing-npm-cache-mows-0-0-1-package.lock
59 silly lockFile 728b560b-npm-cache-mows-0-0-1-package-tgz tar://C:\Users\Admin\AppData\Roaming\npm-cache\mows\0.0.1\package.tgz
60 verbose lock tar://C:\Users\Admin\AppData\Roaming\npm-cache\mows\0.0.1\package.tgz C:\Users\Admin\AppData\Roaming\npm-cache\728b560b-npm-cache-mows-0-0-1-package-tgz.lock
61 silly gunzTarPerm modes [ '755', '644' ]
62 silly gunzTarPerm extractEntry package.json
63 silly gunzTarPerm modified mode [ 'package.json', 438, 420 ]
64 silly gunzTarPerm extractEntry README.md
65 silly gunzTarPerm modified mode [ 'README.md', 438, 420 ]
66 silly gunzTarPerm extractEntry index.js
67 silly gunzTarPerm modified mode [ 'index.js', 438, 420 ]
68 silly gunzTarPerm extractEntry test/mows.js
69 silly gunzTarPerm modified mode [ 'test/mows.js', 438, 420 ]
70 silly lockFile 7a3e19f7-ing-npm-cache-mows-0-0-1-package tar://C:\Users\Admin\AppData\Roaming\npm-cache\mows\0.0.1\package
71 silly lockFile 7a3e19f7-ing-npm-cache-mows-0-0-1-package tar://C:\Users\Admin\AppData\Roaming\npm-cache\mows\0.0.1\package
72 silly lockFile 728b560b-npm-cache-mows-0-0-1-package-tgz tar://C:\Users\Admin\AppData\Roaming\npm-cache\mows\0.0.1\package.tgz
73 silly lockFile 728b560b-npm-cache-mows-0-0-1-package-tgz tar://C:\Users\Admin\AppData\Roaming\npm-cache\mows\0.0.1\package.tgz
74 verbose chmod C:\Users\Admin\AppData\Roaming\npm-cache\mows\0.0.1\package.tgz 644
75 silly chown skipping for windows C:\Users\Admin\AppData\Roaming\npm-cache\mows\0.0.1\package.tgz
76 silly lockFile 3a52ce78- .
77 silly lockFile 3a52ce78- .
78 silly publish { name: 'mows',
78 silly publish   version: '0.0.1',
78 silly publish   description: 'MQTT over Websockets Client Library',
78 silly publish   main: 'index.js',
78 silly publish   scripts: { test: 'echo "Error: no test specified" && exit 1' },
78 silly publish   repository:
78 silly publish    { type: 'git',
78 silly publish      url: 'https://github.com/ashutoshagrawal/mows.git' },
78 silly publish   keywords: [ 'MQTT', 'over', 'WebSocket', 'Client' ],
78 silly publish   author: { name: 'Ashutosh Agrawal' },
78 silly publish   license: 'MIT',
78 silly publish   bugs: { url: 'https://github.com/ashutoshagrawal/mows/issues' },
78 silly publish   homepage: 'https://github.com/ashutoshagrawal/mows',
78 silly publish   readme: 'mows\n====\n\nMQTT Over Websockets Client Library\n\n',
78 silly publish   readmeFilename: 'README.md',
78 silly publish   _id: 'mows@0.0.1',
78 silly publish   dist: { shasum: '7fcf545c47d186a2bf53a6ad5a85eddd9f0e5cc1' },
78 silly publish   _from: '.' }
79 verbose url raw mows
80 verbose url resolving [ 'https://registry.npmjs.org/', './mows' ]
81 verbose url resolved https://registry.npmjs.org/mows
82 info trying registry request attempt 1 at 17:16:56
83 http PUT https://registry.npmjs.org/mows
84 http 403 https://registry.npmjs.org/mows
85 info trying registry request attempt 1 at 17:17:02
86 http PUT https://registry.npmjs.org/mows
87 http 403 https://registry.npmjs.org/mows
88 error publish Failed PUT 403
89 error Error: forbidden cannot modify pre-existing version: 0.0.1
89 error old={"name":"mows","version":"0.0.1","description":"Use MQTT from the Browser, based on MQTT.js and websocket-stream","main":"index.js","repository":{"type":"git","url":"https://github.com/mcollina/mows.git"},"bugs":{"url":"http://github.com/mcollina/mows/issues"},"scripts":{"test":"mocha test.js --bail"},"keywords":["mqtt","websocket","publish","subscribe","publish","subscribe","pub/sub","streams"],"author":{"name":"Matteo Collina","email":"hello@matteocollina.com"},"license":"MIT","dependencies":{"mqtt":"~0.3.3","websocket-stream":"~0.3.2","ws":"~0.4.30"},"devDependencies":{"mocha":"~1.13.0","should":"~1.2.2"},"browser":{"./test-server.js":"./fake-server.js"},"testling":{"files":"test.js","server":"node test-server.js","harness":"mocha","browsers":["ie/6..latest","chrome/20..latest","firefox/10..latest","safari/latest","opera/11.0..latest","iphone/6","ipad/6"]},"_id":"mows@0.0.1","dist":{"shasum":"d881b764883447731f55b320a665a43803962b46","tarball":"http://registry.npmjs.org/mows/-/mows-0.0.1.tgz"},"_from":".","_npmVersion":"1.3.8","_npmUser":{"name":"matteo.collina","email":"hello@matteocollina.com"},"maintainers":[{"name":"matteo.collina","email":"hello@matteocollina.com"}]}
89 error new={"name":"mows","version":"0.0.1","description":"MQTT over Websockets Client Library","main":"index.js","scripts":{"test":"echo \"Error: no test specified\" && exit 1"},"repository":{"type":"git","url":"https://github.com/ashutoshagrawal/mows.git"},"keywords":["MQTT","over","WebSocket","Client"],"author":{"name":"Ashutosh Agrawal"},"license":"MIT","bugs":{"url":"https://github.com/ashutoshagrawal/mows/issues"},"homepage":"https://github.com/ashutoshagrawal/mows","readme":"mows\u000a====\u000a\u000aMQTT Over Websockets Client Library\u000a\u000a","readmeFilename":"README.md","_id":"mows@0.0.1","dist":{"shasum":"7fcf545c47d186a2bf53a6ad5a85eddd9f0e5cc1","tarball":"http://registry.npmjs.org/mows/-/mows-0.0.1.tgz"},"_from":".","_npmVersion":"1.3.21","_npmUser":{"name":"ashutosh","email":"ashutoshkagrawal@gmail.com"},"maintainers":[{"name":"ashutosh","email":"ashutoshkagrawal@gmail.com"}]}: mows
89 error     at RegClient.<anonymous> (D:\Program Files\nodejs\node_modules\npm\node_modules\npm-registry-client\lib\request.js:275:14)
89 error     at Request.self.callback (D:\Program Files\nodejs\node_modules\npm\node_modules\request\request.js:123:22)
89 error     at Request.EventEmitter.emit (events.js:98:17)
89 error     at Request.<anonymous> (D:\Program Files\nodejs\node_modules\npm\node_modules\request\request.js:893:14)
89 error     at Request.EventEmitter.emit (events.js:117:20)
89 error     at IncomingMessage.<anonymous> (D:\Program Files\nodejs\node_modules\npm\node_modules\request\request.js:844:12)
89 error     at IncomingMessage.EventEmitter.emit (events.js:117:20)
89 error     at _stream_readable.js:920:16
89 error     at process._tickCallback (node.js:415:13)
90 error If you need help, you may report this *entire* log,
90 error including the npm and node versions, at:
90 error     <http://github.com/isaacs/npm/issues>
91 error System Windows_NT 6.1.7601
92 error command "D:\\Program Files\\nodejs\\\\node.exe" "D:\\Program Files\\nodejs\\node_modules\\npm\\bin\\npm-cli.js" "publish"
93 error cwd D:\GitHub\mows
94 error node -v v0.10.24
95 error npm -v 1.3.21
96 verbose exit [ 1, true ]
